2025-03-15 00:05:33,560 - INFO - Reading the worktray from: process_data\worktray.xlsx
2025-03-15 00:05:33,560 - ERROR - Error during Google Forms submission: [Errno 13] Permission denied: 'process_data\\worktray.xlsx'
2025-03-15 00:05:33,561 - ERROR - Google Forms submission failed. Check the logs for details.
2025-03-15 00:06:16,350 - INFO - Reading the worktray from: process_data\worktray.xlsx
2025-03-15 00:06:16,633 - ERROR - Error submitting row 1: 405
2025-03-15 00:06:18,232 - ERROR - Error submitting row 3: 405
2025-03-15 00:06:19,379 - INFO - Worktray updated and saved to: process_data\worktray.xlsx
2025-03-15 00:06:19,387 - INFO - Google Forms submission completed successfully.
2025-03-15 00:11:31,600 - INFO - Reading the worktray from: process_data\worktray.xlsx
2025-03-15 00:11:31,600 - ERROR - Error during Google Forms submission: [Errno 13] Permission denied: 'process_data\\worktray.xlsx'
2025-03-15 00:11:31,601 - ERROR - Google Forms submission failed. Check the logs for details.
2025-03-15 00:11:47,327 - INFO - Reading the worktray from: process_data\worktray.xlsx
2025-03-15 00:11:47,601 - ERROR - Error submitting row 1: 405
2025-03-15 00:11:48,790 - ERROR - Error submitting row 3: 405
2025-03-15 00:11:49,803 - INFO - Worktray updated and saved to: process_data\worktray.xlsx
2025-03-15 00:11:49,803 - INFO - Google Forms submission completed successfully.
2025-03-15 00:13:26,484 - INFO - Reading the worktray from: process_data\worktray.xlsx
2025-03-15 00:13:26,771 - ERROR - Error submitting row 1: 405
2025-03-15 00:13:28,349 - ERROR - Error submitting row 3: 405
2025-03-15 00:13:29,369 - INFO - Worktray updated and saved to: process_data\worktray.xlsx
2025-03-15 00:13:29,369 - INFO - Google Forms submission completed successfully.
2025-03-15 00:14:46,770 - INFO - Reading the worktray from: process_data\worktray.xlsx
2025-03-15 00:14:47,075 - ERROR - Error submitting row 1: 405
2025-03-15 00:14:48,471 - ERROR - Error submitting row 3: 405
2025-03-15 00:14:49,496 - INFO - Worktray updated and saved to: process_data\worktray.xlsx
2025-03-15 00:14:49,496 - INFO - Google Forms submission completed successfully.
2025-03-15 00:15:02,039 - INFO - Reading the worktray from: process_data\worktray.xlsx
2025-03-15 00:15:02,297 - ERROR - Error submitting row 1: 405
2025-03-15 00:15:03,543 - ERROR - Error submitting row 3: 405
2025-03-15 00:15:04,563 - INFO - Worktray updated and saved to: process_data\worktray.xlsx
2025-03-15 00:15:04,563 - INFO - Google Forms submission completed successfully.
2025-03-15 00:18:56,200 - INFO - Reading the worktray from: process_data\worktray.xlsx
2025-03-15 00:18:56,214 - INFO - Total rows to process: 4
2025-03-15 00:18:56,214 - INFO - Processing row 1: ['Monkey D. Luffy', 'Gomu Gomu no Mi', 3000000000, 2025, 3, 14, True, False, 'Error en el ingreso a Forms']
2025-03-15 00:18:56,214 - INFO - Submitting row 1 to Google Forms: {'entry.274949855': 'Monkey D. Luffy', 'entry.1623880646': 'Gomu Gomu no Mi', 'entry.1721353382': 3000000000, 'entry.1896335859': '14-03-2025'}
2025-03-15 00:18:56,454 - ERROR - Error submitting row 1. Status code: 405, Response text: <!DOCTYPE html><html lang="es"><head><meta name="description" content="Procesamiento de textos, presentaciones y hojas de cálculo en la Web"><meta name="viewport" content="width=device-width, initial-scale=1.0, maximum-scale=1.0, minimum-scale=1.0, user-scalable=0"><link rel="shortcut icon" href="//docs.google.com/favicon.ico"><title>No se encontró la página</title><meta name="referrer" content="origin"><link href="//fonts.googleapis.com/css?family=Product+Sans" rel="stylesheet" type="text/css" nonce="6U0kXCQp9vw90aO3-DXuWQ"><style nonce="6U0kXCQp9vw90aO3-DXuWQ">.goog-inline-block{position:relative;display:-moz-inline-box;display:inline-block}* html .goog-inline-block{display:inline}*:first-child+html .goog-inline-block{display:inline}#drive-logo{margin:18px 0;position:absolute;white-space:nowrap}.docs-drivelogo-img{background-image:url(//ssl.gstatic.com/images/branding/googlelogo/1x/googlelogo_color_116x41dp.png);-webkit-background-size:116px 41px;background-size:116px 41px;display:inline-block;height:41px;vertical-align:bottom;width:116px}.docs-drivelogo-text{color:#000;display:inline-block;opacity:.54;text-decoration:none;font-family:"Product Sans",Arial,Helvetica,sans-serif;font-size:32px;text-rendering:optimizeLegibility;position:relative;top:-6px;left:-7px;-webkit-font-smoothing:antialiased;-moz-osx-font-smoothing:grayscale}@media (-webkit-min-device-pixel-ratio:1.5),(min-resolution:144dpi){.docs-drivelogo-img{background-image:url(//ssl.gstatic.com/images/branding/googlelogo/2x/googlelogo_color_116x41dp.png)}}sentinel{}</style><style type="text/css" nonce="6U0kXCQp9vw90aO3-DXuWQ">body {background-color: #fff; font-family: Arial,sans-serif; font-size: 13px; margin: 0; padding: 0;}a, a:link, a:visited {color: #112ABB;}</style><style type="text/css" nonce="6U0kXCQp9vw90aO3-DXuWQ">.errorMessage {font-size: 12pt; font-weight: bold; line-height: 150%;}</style></head><body><div id="outerContainer"><div id="innerContainer"><div style="position: absolute; top: -80px;"><div id="drive-logo"><a href="/"><span class="docs-drivelogo-img" title="Logotipo de Google"></span><span class="docs-drivelogo-text">&nbsp;Drive</span></a></div></div><div align="center"><p class="errorMessage" style="padding-top: 50px">No se pudo abrir el archivo en este momento.</p><p> Verifica la dirección e inténtalo de nuevo.</p><div style="background: #F0F6FF; border: 1px solid black; margin-top: 35px; padding: 10px 125px; width: 300px;"><p><strong>Realiza tus proyectos con Google Drive</strong></p><p>Las aplicaciones de Google Drive te facilitan la tarea de crear, almacenar y compartir documentos, hojas de cálculo, presentaciones y otros archivos en línea.</p><p>Obtén más información en <a href="https://drive.google.com/start/apps">drive.google.com/start/apps</a>.</p></div></div></div></div></body><style nonce="6U0kXCQp9vw90aO3-DXuWQ">html {height: 100%; overflow: auto;}body {height: 100%; overflow: auto;}#outerContainer {margin: auto; max-width: 750px;}#innerContainer {margin-bottom: 20px; margin-left: 40px; margin-right: 40px; margin-top: 80px; position: relative;}</style></html>
2025-03-15 00:18:57,455 - INFO - Processing row 2: ['Roronoa Zoro', None, 500000000, 2025, 3, 14, False, 'PENDING', 'Datos de entrada incompletos']
2025-03-15 00:18:57,455 - INFO - Skipping row 2: 'Datos correctos' is FALSE
2025-03-15 00:18:57,455 - INFO - Processing row 3: ['Nico Robin', 'Hana Hana no Mi', 2000000000, 2025, 3, 14, True, False, 'Error en el ingreso a Forms']
2025-03-15 00:18:57,455 - INFO - Submitting row 3 to Google Forms: {'entry.274949855': 'Nico Robin', 'entry.1623880646': 'Hana Hana no Mi', 'entry.1721353382': 2000000000, 'entry.1896335859': '14-03-2025'}
2025-03-15 00:18:57,793 - ERROR - Error submitting row 3. Status code: 405, Response text: <!DOCTYPE html><html lang="es"><head><meta name="description" content="Procesamiento de textos, presentaciones y hojas de cálculo en la Web"><meta name="viewport" content="width=device-width, initial-scale=1.0, maximum-scale=1.0, minimum-scale=1.0, user-scalable=0"><link rel="shortcut icon" href="//docs.google.com/favicon.ico"><title>No se encontró la página</title><meta name="referrer" content="origin"><link href="//fonts.googleapis.com/css?family=Product+Sans" rel="stylesheet" type="text/css" nonce="V05vtQqHjSLEKPrxjahclQ"><style nonce="V05vtQqHjSLEKPrxjahclQ">.goog-inline-block{position:relative;display:-moz-inline-box;display:inline-block}* html .goog-inline-block{display:inline}*:first-child+html .goog-inline-block{display:inline}#drive-logo{margin:18px 0;position:absolute;white-space:nowrap}.docs-drivelogo-img{background-image:url(//ssl.gstatic.com/images/branding/googlelogo/1x/googlelogo_color_116x41dp.png);-webkit-background-size:116px 41px;background-size:116px 41px;display:inline-block;height:41px;vertical-align:bottom;width:116px}.docs-drivelogo-text{color:#000;display:inline-block;opacity:.54;text-decoration:none;font-family:"Product Sans",Arial,Helvetica,sans-serif;font-size:32px;text-rendering:optimizeLegibility;position:relative;top:-6px;left:-7px;-webkit-font-smoothing:antialiased;-moz-osx-font-smoothing:grayscale}@media (-webkit-min-device-pixel-ratio:1.5),(min-resolution:144dpi){.docs-drivelogo-img{background-image:url(//ssl.gstatic.com/images/branding/googlelogo/2x/googlelogo_color_116x41dp.png)}}sentinel{}</style><style type="text/css" nonce="V05vtQqHjSLEKPrxjahclQ">body {background-color: #fff; font-family: Arial,sans-serif; font-size: 13px; margin: 0; padding: 0;}a, a:link, a:visited {color: #112ABB;}</style><style type="text/css" nonce="V05vtQqHjSLEKPrxjahclQ">.errorMessage {font-size: 12pt; font-weight: bold; line-height: 150%;}</style></head><body><div id="outerContainer"><div id="innerContainer"><div style="position: absolute; top: -80px;"><div id="drive-logo"><a href="/"><span class="docs-drivelogo-img" title="Logotipo de Google"></span><span class="docs-drivelogo-text">&nbsp;Drive</span></a></div></div><div align="center"><p class="errorMessage" style="padding-top: 50px">No se pudo abrir el archivo en este momento.</p><p> Verifica la dirección e inténtalo de nuevo.</p><div style="background: #F0F6FF; border: 1px solid black; margin-top: 35px; padding: 10px 125px; width: 300px;"><p><strong>Realiza tus proyectos con Google Drive</strong></p><p>Las aplicaciones de Google Drive te facilitan la tarea de crear, almacenar y compartir documentos, hojas de cálculo, presentaciones y otros archivos en línea.</p><p>Obtén más información en <a href="https://drive.google.com/start/apps">drive.google.com/start/apps</a>.</p></div></div></div></div></body><style nonce="V05vtQqHjSLEKPrxjahclQ">html {height: 100%; overflow: auto;}body {height: 100%; overflow: auto;}#outerContainer {margin: auto; max-width: 750px;}#innerContainer {margin-bottom: 20px; margin-left: 40px; margin-right: 40px; margin-top: 80px; position: relative;}</style></html>
2025-03-15 00:18:58,793 - INFO - Processing row 4: ['Sogeking', 'Máscara', None, 2025, 3, 14, False, 'PENDING', 'Datos de entrada incompletos']
2025-03-15 00:18:58,793 - INFO - Skipping row 4: 'Datos correctos' is FALSE
2025-03-15 00:18:58,805 - INFO - Worktray updated and saved to: process_data\worktray.xlsx
2025-03-15 00:18:58,806 - INFO - Google Forms submission completed successfully.
2025-03-15 00:22:11,837 - INFO - Reading the worktray from: process_data\worktray.xlsx
2025-03-15 00:22:11,844 - INFO - Total rows to process: 4
2025-03-15 00:22:11,844 - INFO - Processing row 1: ['Monkey D. Luffy', 'Gomu Gomu no Mi', 3000000000, 2025, 3, 14, True, False, 'Error en el ingreso a Forms']
2025-03-15 00:22:11,845 - INFO - Submitting row 1 to Google Forms: {'entry.274949855': 'Monkey D. Luffy', 'entry.1623880646': 'Gomu Gomu no Mi', 'entry.1721353382': 3000000000, 'entry.1896335859': '14-03-2025'}
2025-03-15 00:22:12,074 - ERROR - Error submitting row 1. Status code: 404, Response text: <!DOCTYPE html><html lang="es"><head><meta name="description" content="Procesamiento de textos, presentaciones y hojas de cálculo en la Web"><meta name="viewport" content="width=device-width, initial-scale=1.0, maximum-scale=1.0, minimum-scale=1.0, user-scalable=0"><link rel="shortcut icon" href="//docs.google.com/favicon.ico"><title>No se encontró la página</title><meta name="referrer" content="origin"><link href="//fonts.googleapis.com/css?family=Product+Sans" rel="stylesheet" type="text/css" nonce="TkZqZJqJmuZq5GAGaNRfQg"><style nonce="TkZqZJqJmuZq5GAGaNRfQg">.goog-inline-block{position:relative;display:-moz-inline-box;display:inline-block}* html .goog-inline-block{display:inline}*:first-child+html .goog-inline-block{display:inline}#drive-logo{margin:18px 0;position:absolute;white-space:nowrap}.docs-drivelogo-img{background-image:url(//ssl.gstatic.com/images/branding/googlelogo/1x/googlelogo_color_116x41dp.png);-webkit-background-size:116px 41px;background-size:116px 41px;display:inline-block;height:41px;vertical-align:bottom;width:116px}.docs-drivelogo-text{color:#000;display:inline-block;opacity:.54;text-decoration:none;font-family:"Product Sans",Arial,Helvetica,sans-serif;font-size:32px;text-rendering:optimizeLegibility;position:relative;top:-6px;left:-7px;-webkit-font-smoothing:antialiased;-moz-osx-font-smoothing:grayscale}@media (-webkit-min-device-pixel-ratio:1.5),(min-resolution:144dpi){.docs-drivelogo-img{background-image:url(//ssl.gstatic.com/images/branding/googlelogo/2x/googlelogo_color_116x41dp.png)}}sentinel{}</style><style type="text/css" nonce="TkZqZJqJmuZq5GAGaNRfQg">body {background-color: #fff; font-family: Arial,sans-serif; font-size: 13px; margin: 0; padding: 0;}a, a:link, a:visited {color: #112ABB;}</style><style type="text/css" nonce="TkZqZJqJmuZq5GAGaNRfQg">.errorMessage {font-size: 12pt; font-weight: bold; line-height: 150%;}</style></head><body><div id="outerContainer"><div id="innerContainer"><div style="position: absolute; top: -80px;"><div id="drive-logo"><a href="/"><span class="docs-drivelogo-img" title="Logotipo de Google"></span><span class="docs-drivelogo-text">&nbsp;Drive</span></a></div></div><div align="center"><p class="errorMessage" style="padding-top: 50px">El archivo que solicitaste no existe.</p><p>Asegúrate de que tienes la dirección URL correcta y de que el archivo existe.</p><div style="background: #F0F6FF; border: 1px solid black; margin-top: 35px; padding: 10px 125px; width: 300px;"><p><strong>Realiza tus proyectos con Google Drive</strong></p><p>Las aplicaciones de Google Drive te facilitan la tarea de crear, almacenar y compartir documentos, hojas de cálculo, presentaciones y otros archivos en línea.</p><p>Obtén más información en <a href="https://drive.google.com/start/apps">drive.google.com/start/apps</a>.</p></div></div></div></div></body><style nonce="TkZqZJqJmuZq5GAGaNRfQg">html {height: 100%; overflow: auto;}body {height: 100%; overflow: auto;}#outerContainer {margin: auto; max-width: 750px;}#innerContainer {margin-bottom: 20px; margin-left: 40px; margin-right: 40px; margin-top: 80px; position: relative;}</style></html>
2025-03-15 00:22:13,075 - INFO - Processing row 2: ['Roronoa Zoro', None, 500000000, 2025, 3, 14, False, 'PENDING', 'Datos de entrada incompletos']
2025-03-15 00:22:13,075 - INFO - Skipping row 2: 'Datos correctos' is FALSE
2025-03-15 00:22:13,075 - INFO - Processing row 3: ['Nico Robin', 'Hana Hana no Mi', 2000000000, 2025, 3, 14, True, False, 'Error en el ingreso a Forms']
2025-03-15 00:22:13,075 - INFO - Submitting row 3 to Google Forms: {'entry.274949855': 'Nico Robin', 'entry.1623880646': 'Hana Hana no Mi', 'entry.1721353382': 2000000000, 'entry.1896335859': '14-03-2025'}
2025-03-15 00:22:13,289 - ERROR - Error submitting row 3. Status code: 404, Response text: <!DOCTYPE html><html lang="es"><head><meta name="description" content="Procesamiento de textos, presentaciones y hojas de cálculo en la Web"><meta name="viewport" content="width=device-width, initial-scale=1.0, maximum-scale=1.0, minimum-scale=1.0, user-scalable=0"><link rel="shortcut icon" href="//docs.google.com/favicon.ico"><title>No se encontró la página</title><meta name="referrer" content="origin"><link href="//fonts.googleapis.com/css?family=Product+Sans" rel="stylesheet" type="text/css" nonce="W1lR5ieh966OmszMcQN6-w"><style nonce="W1lR5ieh966OmszMcQN6-w">.goog-inline-block{position:relative;display:-moz-inline-box;display:inline-block}* html .goog-inline-block{display:inline}*:first-child+html .goog-inline-block{display:inline}#drive-logo{margin:18px 0;position:absolute;white-space:nowrap}.docs-drivelogo-img{background-image:url(//ssl.gstatic.com/images/branding/googlelogo/1x/googlelogo_color_116x41dp.png);-webkit-background-size:116px 41px;background-size:116px 41px;display:inline-block;height:41px;vertical-align:bottom;width:116px}.docs-drivelogo-text{color:#000;display:inline-block;opacity:.54;text-decoration:none;font-family:"Product Sans",Arial,Helvetica,sans-serif;font-size:32px;text-rendering:optimizeLegibility;position:relative;top:-6px;left:-7px;-webkit-font-smoothing:antialiased;-moz-osx-font-smoothing:grayscale}@media (-webkit-min-device-pixel-ratio:1.5),(min-resolution:144dpi){.docs-drivelogo-img{background-image:url(//ssl.gstatic.com/images/branding/googlelogo/2x/googlelogo_color_116x41dp.png)}}sentinel{}</style><style type="text/css" nonce="W1lR5ieh966OmszMcQN6-w">body {background-color: #fff; font-family: Arial,sans-serif; font-size: 13px; margin: 0; padding: 0;}a, a:link, a:visited {color: #112ABB;}</style><style type="text/css" nonce="W1lR5ieh966OmszMcQN6-w">.errorMessage {font-size: 12pt; font-weight: bold; line-height: 150%;}</style></head><body><div id="outerContainer"><div id="innerContainer"><div style="position: absolute; top: -80px;"><div id="drive-logo"><a href="/"><span class="docs-drivelogo-img" title="Logotipo de Google"></span><span class="docs-drivelogo-text">&nbsp;Drive</span></a></div></div><div align="center"><p class="errorMessage" style="padding-top: 50px">El archivo que solicitaste no existe.</p><p>Asegúrate de que tienes la dirección URL correcta y de que el archivo existe.</p><div style="background: #F0F6FF; border: 1px solid black; margin-top: 35px; padding: 10px 125px; width: 300px;"><p><strong>Realiza tus proyectos con Google Drive</strong></p><p>Las aplicaciones de Google Drive te facilitan la tarea de crear, almacenar y compartir documentos, hojas de cálculo, presentaciones y otros archivos en línea.</p><p>Obtén más información en <a href="https://drive.google.com/start/apps">drive.google.com/start/apps</a>.</p></div></div></div></div></body><style nonce="W1lR5ieh966OmszMcQN6-w">html {height: 100%; overflow: auto;}body {height: 100%; overflow: auto;}#outerContainer {margin: auto; max-width: 750px;}#innerContainer {margin-bottom: 20px; margin-left: 40px; margin-right: 40px; margin-top: 80px; position: relative;}</style></html>
2025-03-15 00:22:14,290 - INFO - Processing row 4: ['Sogeking', 'Máscara', None, 2025, 3, 14, False, 'PENDING', 'Datos de entrada incompletos']
2025-03-15 00:22:14,290 - INFO - Skipping row 4: 'Datos correctos' is FALSE
2025-03-15 00:22:14,302 - INFO - Worktray updated and saved to: process_data\worktray.xlsx
2025-03-15 00:22:14,303 - INFO - Google Forms submission completed successfully.
2025-03-15 00:25:23,763 - INFO - Reading the worktray from: process_data\worktray.xlsx
2025-03-15 00:25:23,773 - INFO - Total rows to process: 4
2025-03-15 00:25:23,773 - INFO - Processing row 1: ['Monkey D. Luffy', 'Gomu Gomu no Mi', 3000000000, 2025, 3, 14, True, False, 'Error en el ingreso a Forms']
2025-03-15 00:25:23,774 - INFO - Submitting row 1 to Google Forms: {'entry.274949855': 'Monkey D. Luffy', 'entry.1623880646': 'Gomu Gomu no Mi', 'entry.1721353382': 3000000000, 'entry.1896335859': '14-03-2025'}
2025-03-15 00:25:24,123 - INFO - Row 1 submitted successfully. Response: 200
2025-03-15 00:25:25,124 - INFO - Processing row 2: ['Roronoa Zoro', None, 500000000, 2025, 3, 14, False, 'PENDING', 'Datos de entrada incompletos']
2025-03-15 00:25:25,124 - INFO - Skipping row 2: 'Datos correctos' is FALSE
2025-03-15 00:25:25,124 - INFO - Processing row 3: ['Nico Robin', 'Hana Hana no Mi', 2000000000, 2025, 3, 14, True, False, 'Error en el ingreso a Forms']
2025-03-15 00:25:25,124 - INFO - Submitting row 3 to Google Forms: {'entry.274949855': 'Nico Robin', 'entry.1623880646': 'Hana Hana no Mi', 'entry.1721353382': 2000000000, 'entry.1896335859': '14-03-2025'}
2025-03-15 00:25:25,647 - INFO - Row 3 submitted successfully. Response: 200
2025-03-15 00:25:26,648 - INFO - Processing row 4: ['Sogeking', 'Máscara', None, 2025, 3, 14, False, 'PENDING', 'Datos de entrada incompletos']
2025-03-15 00:25:26,648 - INFO - Skipping row 4: 'Datos correctos' is FALSE
2025-03-15 00:25:26,675 - INFO - Worktray updated and saved to: process_data\worktray.xlsx
2025-03-15 00:25:26,675 - INFO - Google Forms submission completed successfully.
2025-03-15 00:33:20,355 - INFO - Reading the worktray from: process_data\worktray.xlsx
2025-03-15 00:33:20,361 - INFO - Total rows to process: 4
2025-03-15 00:33:20,362 - INFO - Processing row 1: ['Monkey D. Luffy', 'Gomu Gomu no Mi', 3000000000, 2025, 3, 14, True, True, 'Ingreso exitoso a Forms']
2025-03-15 00:33:20,362 - INFO - Skipping row 1: 'Ingreso exitoso a Forms' is already TRUE
2025-03-15 00:33:20,362 - INFO - Processing row 2: ['Roronoa Zoro', 'Enma', 500000000, 2025, 3, 14, True, 'PENDING', 'Datos de entrada incompletos']
2025-03-15 00:33:20,362 - INFO - Submitting row 2 to Google Forms: {'entry.274949855': 'Roronoa Zoro', 'entry.1623880646': 'Enma', 'entry.1721353382': 500000000, 'entry.1896335859': '14-03-2025'}
2025-03-15 00:33:20,799 - INFO - Row 2 submitted successfully. Response: 200
2025-03-15 00:33:21,800 - INFO - Processing row 3: ['Nico Robin', 'Hana Hana no Mi', 2000000000, 2025, 3, 14, True, True, 'Ingreso exitoso a Form']
2025-03-15 00:33:21,800 - INFO - Skipping row 3: 'Ingreso exitoso a Forms' is already TRUE
2025-03-15 00:33:21,801 - INFO - Processing row 4: ['Sogeking', 'Máscara', None, 2025, 3, 14, False, 'PENDING', 'Datos de entrada incompletos']
2025-03-15 00:33:21,801 - INFO - Skipping row 4: 'Datos correctos' is FALSE
2025-03-15 00:33:21,833 - INFO - Worktray updated and saved to: process_data\worktray.xlsx
2025-03-15 00:33:21,834 - INFO - Google Forms submission completed successfully.
2025-03-17 00:27:35,937 - INFO - Logging configured successfully.
2025-03-17 00:27:35,937 - INFO - ---- Starting module 'google_forms_submission' ----
2025-03-17 00:27:35,937 - INFO - Reading the worktray from: process_data\worktray.xlsx
2025-03-17 00:27:35,958 - INFO - Total rows to process: 4
2025-03-17 00:27:35,958 - INFO - Processing row 1: ['A', 'a', 3000000000, datetime.datetime(2025, 3, 15, 0, 0), True, True, 'Ingreso exitoso a Forms', None, None]
2025-03-17 00:27:35,958 - INFO - Skipping row 1: 'Ingreso exitoso a Forms' is already TRUE
2025-03-17 00:27:35,959 - INFO - Processing row 2: ['B', 'g', 500000000, '15-3-2025', False, 'PENDING', 'Fecha de Solicitud no está en formato fecha', None, None]
2025-03-17 00:27:35,959 - INFO - Skipping row 2: 'Datos correctos' is FALSE
2025-03-17 00:27:35,959 - INFO - Processing row 3: ['C', 'f', 2000000000, datetime.datetime(2025, 3, 15, 0, 0), True, True, 'Ingreso exitoso a Forms', None, None]
2025-03-17 00:27:35,959 - INFO - Skipping row 3: 'Ingreso exitoso a Forms' is already TRUE
2025-03-17 00:27:35,959 - INFO - Processing row 4: ['D', 's', 1, datetime.datetime(2025, 3, 15, 0, 0), True, True, 'Ingreso exitoso a Forms', None, None]
2025-03-17 00:27:35,960 - INFO - Skipping row 4: 'Ingreso exitoso a Forms' is already TRUE
2025-03-17 00:27:35,975 - INFO - Worktray updated and saved to: process_data\worktray.xlsx
2025-03-17 00:27:35,975 - INFO - Google Forms submission completed successfully.
2025-03-17 00:30:34,063 - INFO - Logging configured successfully.
2025-03-17 00:30:34,063 - INFO - ---- Starting module 'google_forms_submission' ----
2025-03-17 00:30:34,063 - INFO - Reading the worktray from: process_data\worktray.xlsx
2025-03-17 00:30:34,081 - INFO - Total rows to process: 4
2025-03-17 00:30:34,082 - INFO - Processing row 1: ['A', 'a', 3000000000, datetime.datetime(2025, 3, 15, 0, 0), True, 'PENDING', None, None, None]
2025-03-17 00:30:34,082 - INFO - Submitting row 1 to Google Forms: {'entry.274949855': 'A', 'entry.1623880646': 'a', 'entry.1721353382': 3000000000, 'entry.1896335859': datetime.datetime(2025, 3, 15, 0, 0)}
2025-03-17 00:30:34,408 - INFO - Row 1 submitted successfully. Response: 200
2025-03-17 00:30:35,408 - INFO - Processing row 2: ['B', 'g', 500000000, '15-3-2025', False, 'PENDING', 'Fecha de Solicitud no está en formato fecha', None, None]
2025-03-17 00:30:35,409 - INFO - Skipping row 2: 'Datos correctos' is FALSE
2025-03-17 00:30:35,410 - INFO - Processing row 3: ['C', 'f', 2000000000, datetime.datetime(2025, 3, 15, 0, 0), True, 'PENDING', None, None, None]
2025-03-17 00:30:35,410 - INFO - Submitting row 3 to Google Forms: {'entry.274949855': 'C', 'entry.1623880646': 'f', 'entry.1721353382': 2000000000, 'entry.1896335859': datetime.datetime(2025, 3, 15, 0, 0)}
2025-03-17 00:30:35,698 - INFO - Row 3 submitted successfully. Response: 200
2025-03-17 00:30:36,699 - INFO - Processing row 4: ['D', 's', 1, datetime.datetime(2025, 3, 15, 0, 0), True, 'PENDING', None, None, None]
2025-03-17 00:30:36,699 - INFO - Submitting row 4 to Google Forms: {'entry.274949855': 'D', 'entry.1623880646': 's', 'entry.1721353382': 1, 'entry.1896335859': datetime.datetime(2025, 3, 15, 0, 0)}
2025-03-17 00:30:37,515 - INFO - Row 4 submitted successfully. Response: 200
2025-03-17 00:30:38,535 - INFO - Worktray updated and saved to: process_data\worktray.xlsx
2025-03-17 00:30:38,536 - INFO - Google Forms submission completed successfully.
2025-03-17 01:10:50,392 - INFO - Logging configured successfully.
2025-03-17 01:10:50,392 - INFO - ---- Starting module 'google_forms_submission' ----
2025-03-17 01:10:50,392 - INFO - Reading the worktray from: process_data\worktray.xlsx
2025-03-17 01:10:50,399 - INFO - Total rows to process: 4
2025-03-17 01:10:50,399 - INFO - Processing row 1: ['A', 'a', 3000000000, datetime.datetime(2025, 3, 15, 0, 0), True, True, 'Ingreso exitoso a Forms', None, None]
2025-03-17 01:10:50,399 - INFO - Skipping row 1: 'Ingreso exitoso a Forms' is already TRUE
2025-03-17 01:10:50,399 - INFO - Processing row 2: ['B', 'g', 500000000, '15-3-2025', False, 'PENDING', 'Fecha de Solicitud no está en formato fecha', None, None]
2025-03-17 01:10:50,400 - INFO - Skipping row 2: 'Datos correctos' is FALSE
2025-03-17 01:10:50,400 - INFO - Processing row 3: ['C', 'f', 2000000000, datetime.datetime(2025, 3, 15, 0, 0), True, True, 'Ingreso exitoso a Forms', None, None]
2025-03-17 01:10:50,400 - INFO - Skipping row 3: 'Ingreso exitoso a Forms' is already TRUE
2025-03-17 01:10:50,400 - INFO - Processing row 4: ['D', 's', 1, datetime.datetime(2025, 3, 15, 0, 0), True, True, 'Ingreso exitoso a Forms', None, None]
2025-03-17 01:10:50,400 - INFO - Skipping row 4: 'Ingreso exitoso a Forms' is already TRUE
2025-03-17 01:10:50,413 - INFO - Worktray updated and saved to: process_data\worktray.xlsx
2025-03-17 01:10:55,594 - INFO - Google Forms submission completed successfully.
2025-03-17 01:13:01,616 - INFO - Logging configured successfully.
2025-03-17 01:13:01,619 - INFO - ---- Starting module 'google_forms_submission' ----
2025-03-17 01:13:01,619 - INFO - Reading the worktray from: process_data\worktray.xlsx
2025-03-17 01:13:01,628 - INFO - Total rows to process: 4
2025-03-17 01:13:01,628 - INFO - Processing row 1: ['A', 'a', 3000000000, datetime.datetime(2025, 3, 15, 0, 0), True, True, 'Ingreso exitoso a Forms', None, None]
2025-03-17 01:13:01,628 - INFO - Skipping row 1: 'Ingreso exitoso a Forms' is already TRUE
2025-03-17 01:13:01,628 - INFO - Processing row 2: ['B', 'g', 500000000, '15-3-2025', False, 'PENDING', 'Fecha de Solicitud no está en formato fecha', None, None]
2025-03-17 01:13:01,628 - INFO - Skipping row 2: 'Datos correctos' is FALSE
2025-03-17 01:13:01,629 - INFO - Processing row 3: ['C', 'f', 2000000000, datetime.datetime(2025, 3, 15, 0, 0), True, True, 'Ingreso exitoso a Forms', None, None]
2025-03-17 01:13:01,629 - INFO - Skipping row 3: 'Ingreso exitoso a Forms' is already TRUE
2025-03-17 01:13:01,629 - INFO - Processing row 4: ['D', 's', 1, datetime.datetime(2025, 3, 15, 0, 0), True, True, 'Ingreso exitoso a Forms', None, None]
2025-03-17 01:13:01,629 - INFO - Skipping row 4: 'Ingreso exitoso a Forms' is already TRUE
2025-03-17 01:13:01,647 - INFO - Worktray updated and saved to: process_data\worktray.xlsx
2025-03-17 01:13:07,169 - INFO - Google Forms submission completed successfully.
2025-03-17 01:16:37,516 - INFO - Logging configured successfully.
2025-03-17 01:16:37,516 - INFO - ---- Starting module 'google_forms_submission' ----
2025-03-17 01:16:37,517 - INFO - Reading the worktray from: process_data\worktray.xlsx
2025-03-17 01:16:37,536 - INFO - Total rows to process: 4
2025-03-17 01:16:37,536 - INFO - Processing row 1: ['A', 'a', 3000000000, datetime.datetime(2025, 3, 15, 0, 0), True, True, 'Ingreso exitoso a Forms', None, None]
2025-03-17 01:16:37,536 - INFO - Skipping row 1: 'Ingreso exitoso a Forms' is already TRUE
2025-03-17 01:16:37,536 - INFO - Processing row 2: ['B', 'g', 500000000, '15-3-2025', False, 'PENDING', 'Fecha de Solicitud no está en formato fecha', None, None]
2025-03-17 01:16:37,537 - INFO - Skipping row 2: 'Datos correctos' is FALSE
2025-03-17 01:16:37,537 - INFO - Processing row 3: ['C', 'f', 2000000000, datetime.datetime(2025, 3, 15, 0, 0), True, True, 'Ingreso exitoso a Forms', None, None]
2025-03-17 01:16:37,537 - INFO - Skipping row 3: 'Ingreso exitoso a Forms' is already TRUE
2025-03-17 01:16:37,537 - INFO - Processing row 4: ['D', 's', 1, datetime.datetime(2025, 3, 15, 0, 0), True, True, 'Ingreso exitoso a Forms', None, None]
2025-03-17 01:16:37,537 - INFO - Skipping row 4: 'Ingreso exitoso a Forms' is already TRUE
2025-03-17 01:16:37,549 - INFO - Worktray updated and saved to: process_data\worktray.xlsx
2025-03-17 01:16:39,113 - INFO - Google Forms submission completed successfully.
2025-03-17 01:21:18,246 - INFO - Logging configured successfully.
2025-03-17 01:21:18,246 - INFO - ---- Starting module 'google_forms_submission' ----
2025-03-17 01:21:18,246 - INFO - Reading the worktray from: process_data\worktray.xlsx
2025-03-17 01:21:18,265 - INFO - Total rows to process: 4
2025-03-17 01:21:18,265 - INFO - Processing row 1: ['A', 'a', 3000000000, datetime.datetime(2025, 3, 15, 0, 0), True, True, 'Ingreso exitoso a Forms', None, None]
2025-03-17 01:21:18,266 - INFO - Skipping row 1: 'Ingreso exitoso a Forms' is already TRUE
2025-03-17 01:21:18,266 - INFO - Processing row 2: ['B', 'g', 500000000, '15-3-2025', False, 'PENDING', 'Fecha de Solicitud no está en formato fecha', None, None]
2025-03-17 01:21:18,266 - INFO - Skipping row 2: 'Datos correctos' is FALSE
2025-03-17 01:21:18,266 - INFO - Processing row 3: ['C', 'f', 2000000000, datetime.datetime(2025, 3, 15, 0, 0), True, True, 'Ingreso exitoso a Forms', None, None]
2025-03-17 01:21:18,266 - INFO - Skipping row 3: 'Ingreso exitoso a Forms' is already TRUE
2025-03-17 01:21:18,267 - INFO - Processing row 4: ['D', 's', 1, datetime.datetime(2025, 3, 15, 0, 0), True, True, 'Ingreso exitoso a Forms', None, None]
2025-03-17 01:21:18,267 - INFO - Skipping row 4: 'Ingreso exitoso a Forms' is already TRUE
2025-03-17 01:21:18,280 - INFO - Worktray updated and saved to: process_data\worktray.xlsx
2025-03-17 01:21:20,940 - INFO - Google Forms submission completed successfully.
2025-03-17 01:21:56,216 - INFO - Logging configured successfully.
2025-03-17 01:21:56,216 - INFO - ---- Starting module 'google_forms_submission' ----
2025-03-17 01:21:56,217 - INFO - Reading the worktray from: process_data\worktray.xlsx
2025-03-17 01:21:56,234 - INFO - Total rows to process: 4
2025-03-17 01:21:56,234 - INFO - Processing row 1: ['A', 'a', 3000000000, datetime.datetime(2025, 3, 15, 0, 0), True, True, 'Ingreso exitoso a Forms', None, None]
2025-03-17 01:21:56,234 - INFO - Skipping row 1: 'Ingreso exitoso a Forms' is already TRUE
2025-03-17 01:21:56,235 - INFO - Processing row 2: ['B', 'g', 500000000, '15-3-2025', False, 'PENDING', 'Fecha de Solicitud no está en formato fecha', None, None]
2025-03-17 01:21:56,235 - INFO - Skipping row 2: 'Datos correctos' is FALSE
2025-03-17 01:21:56,235 - INFO - Processing row 3: ['C', 'f', 2000000000, datetime.datetime(2025, 3, 15, 0, 0), True, True, 'Ingreso exitoso a Forms', None, None]
2025-03-17 01:21:56,235 - INFO - Skipping row 3: 'Ingreso exitoso a Forms' is already TRUE
2025-03-17 01:21:56,235 - INFO - Processing row 4: ['D', 's', 1, datetime.datetime(2025, 3, 15, 0, 0), True, True, 'Ingreso exitoso a Forms', None, None]
2025-03-17 01:21:56,236 - INFO - Skipping row 4: 'Ingreso exitoso a Forms' is already TRUE
2025-03-17 01:21:56,248 - INFO - Worktray updated and saved to: process_data\worktray.xlsx
2025-03-17 01:21:58,719 - INFO - Google Forms submission completed successfully.
